-------------------------------------------------------------------------------
Test set: io.openvidu.test.e2e.OpenViduTestAppE2eTest
-------------------------------------------------------------------------------
Tests run: 1, Failures: 0, Errors: 1, Skipped: 0, Time elapsed: 0.195 s <<< FAILURE! - in io.openvidu.test.e2e.OpenViduTestAppE2eTest
io.openvidu.test.e2e.OpenViduTestAppE2eTest  Time elapsed: 0.195 s  <<< ERROR!
java.lang.NullPointerException
	at io.openvidu.test.e2e.OpenViduTestAppE2eTest.setupAll(OpenViduTestAppE2eTest.java:94)

