<?xml version="1.0" encoding="UTF-8"?>
<testsuite xmlns:xsi="http://www.w3.org/2001/XMLSchema-instance" xsi:noNamespaceSchemaLocation="https://maven.apache.org/surefire/maven-surefire-plugin/xsd/surefire-test-report-3.0.xsd" version="3.0" name="io.openvidu.server.test.integration.SessionGarbageCollectorIntegrationTest" time="8.934" tests="1" errors="0" skipped="0" failures="0">
  <properties>
[...]
</properties>
  <testcase name="garbageCollectorOfSessionsNotActiveTest" classname="io.openvidu.server.test.integration.SessionGarbageCollectorIntegrationTest" time="4.313">
    <system-out><![CDATA[16:05:06.728 [main] DEBUG org.springframework.test.context.BootstrapUtils - Instantiating CacheAwareContextLoaderDelegate from class [org.springframework.test.context.cache.DefaultCacheAwareContextLoaderDelegate]
16:05:06.728 [main] DEBUG org.springframework.test.context.BootstrapUtils - Instantiating BootstrapContext using constructor [public org.springframework.test.context.support.DefaultBootstrapContext(java.lang.Class,org.springframework.test.context.CacheAwareContextLoaderDelegate)]
16:05:06.760 [main] DEBUG org.springframework.test.context.BootstrapUtils - Instantiating TestContextBootstrapper for test class [io.openvidu.server.test.integration.SessionGarbageCollectorIntegrationTest] from class [org.springframework.boot.test.context.SpringBootTestContextBootstrapper]
16:05:06.791 [main] DEBUG org.springframework.test.context.support.AbstractContextLoader - Did not detect default resource location for test class [io.openvidu.server.test.integration.SessionGarbageCollectorIntegrationTest]: class path resource [io/openvidu/server/test/integration/SessionGarbageCollectorIntegrationTest-context.xml] does not exist
16:05:06.791 [main] DEBUG org.springframework.test.context.support.AbstractContextLoader - Did not detect default resource location for test class [io.openvidu.server.test.integration.SessionGarbageCollectorIntegrationTest]: class path resource [io/openvidu/server/test/integration/SessionGarbageCollectorIntegrationTestContext.groovy] does not exist
16:05:06.791 [main] INFO org.springframework.test.context.support.AbstractContextLoader - Could not detect default resource locations for test class [io.openvidu.server.test.integration.SessionGarbageCollectorIntegrationTest]: no resource found for suffixes {-context.xml, Context.groovy}.
16:05:06.839 [main] DEBUG org.springframework.test.context.support.ActiveProfilesUtils - Could not find an 'annotation declaring class' for annotation type [org.springframework.test.context.ActiveProfiles] and class [io.openvidu.server.test.integration.SessionGarbageCollectorIntegrationTest]
16:05:06.918 [main] DEBUG org.springframework.context.annotation.ClassPathScanningCandidateComponentProvider - Identified candidate component class: file [C:\Users\hayk.avetisyan\Documents\My\openvidu\openvidu-server\target\classes\io\openvidu\server\OpenViduServer.class]
16:05:06.918 [main] INFO org.springframework.boot.test.context.SpringBootTestContextBootstrapper - Found @SpringBootConfiguration io.openvidu.server.OpenViduServer for test class io.openvidu.server.test.integration.SessionGarbageCollectorIntegrationTest
16:05:07.013 [main] DEBUG org.springframework.boot.test.context.SpringBootTestContextBootstrapper - @TestExecutionListeners is not present for class [io.openvidu.server.test.integration.SessionGarbageCollectorIntegrationTest]: using defaults.
16:05:07.013 [main] INFO org.springframework.boot.test.context.SpringBootTestContextBootstrapper - Loaded default TestExecutionListener class names from location [META-INF/spring.factories]: [org.springframework.boot.test.mock.mockito.MockitoTestExecutionListener, org.springframework.boot.test.mock.mockito.ResetMocksTestExecutionListener, org.springframework.boot.test.autoconfigure.restdocs.RestDocsTestExecutionListener, org.springframework.boot.test.autoconfigure.web.client.MockRestServiceServerResetTestExecutionListener, org.springframework.boot.test.autoconfigure.web.servlet.MockMvcPrintOnlyOnFailureTestExecutionListener, org.springframework.boot.test.autoconfigure.web.servlet.WebDriverTestExecutionListener, org.springframework.boot.test.autoconfigure.webservices.client.MockWebServiceServerTestExecutionListener, org.springframework.test.context.web.ServletTestExecutionListener, org.springframework.test.context.support.DirtiesContextBeforeModesTestExecutionListener, org.springframework.test.context.support.DependencyInjectionTestExecutionListener, org.springframework.test.context.support.DirtiesContextTestExecutionListener, org.springframework.test.context.transaction.TransactionalTestExecutionListener, org.springframework.test.context.jdbc.SqlScriptsTestExecutionListener, org.springframework.test.context.event.EventPublishingTestExecutionListener]
16:05:07.029 [main] DEBUG org.springframework.boot.test.context.SpringBootTestContextBootstrapper - Skipping candidate TestExecutionListener [org.springframework.test.context.transaction.TransactionalTestExecutionListener] due to a missing dependency. Specify custom listener classes or make the default listener classes and their required dependencies available. Offending class: [org/springframework/transaction/interceptor/TransactionAttributeSource]
16:05:07.029 [main] DEBUG org.springframework.boot.test.context.SpringBootTestContextBootstrapper - Skipping candidate TestExecutionListener [org.springframework.test.context.jdbc.SqlScriptsTestExecutionListener] due to a missing dependency. Specify custom listener classes or make the default listener classes and their required dependencies available. Offending class: [org/springframework/transaction/interceptor/TransactionAttribute]
16:05:07.029 [main] INFO org.springframework.boot.test.context.SpringBootTestContextBootstrapper - Using TestExecutionListeners: [org.springframework.test.context.web.ServletTestExecutionListener@31d0e481, org.springframework.test.context.support.DirtiesContextBeforeModesTestExecutionListener@3243b914, org.springframework.boot.test.mock.mockito.MockitoTestExecutionListener@241e8ea6, org.springframework.boot.test.autoconfigure.SpringBootDependencyInjectionTestExecutionListener@542e560f, org.springframework.test.context.support.DirtiesContextTestExecutionListener@626c44e7, org.springframework.test.context.event.EventPublishingTestExecutionListener@4dc8caa7, org.springframework.boot.test.mock.mockito.ResetMocksTestExecutionListener@1d730606, org.springframework.boot.test.autoconfigure.restdocs.RestDocsTestExecutionListener@3bcbb589, org.springframework.boot.test.autoconfigure.web.client.MockRestServiceServerResetTestExecutionListener@3b00856b, org.springframework.boot.test.autoconfigure.web.servlet.MockMvcPrintOnlyOnFailureTestExecutionListener@3016fd5e, org.springframework.boot.test.autoconfigure.web.servlet.WebDriverTestExecutionListener@35d08e6c, org.springframework.boot.test.autoconfigure.webservices.client.MockWebServiceServerTestExecutionListener@53d102a2]
16:05:07.029 [main] DEBUG org.springframework.test.context.support.AbstractDirtiesContextTestExecutionListener - Before test class: context [DefaultTestContext@2c532cd8 testClass = SessionGarbageCollectorIntegrationTest, testInstance = [null], testMethod = [null], testException = [null], mergedContextConfiguration = [WebMergedContextConfiguration@294e5088 testClass = SessionGarbageCollectorIntegrationTest, locations = '{}', classes = '{class io.openvidu.server.OpenViduServer, class io.openvidu.server.test.integration.config.IntegrationTestConfiguration}', contextInitializerClasses = '[]', activeProfiles = '{}', propertySourceLocations = '{classpath:integration-test.properties}', propertySourceProperties = '{OPENVIDU_SESSIONS_GARBAGE_INTERVAL=1, OPENVIDU_SESSIONS_GARBAGE_THRESHOLD=1, org.springframework.boot.test.context.SpringBootTestContextBootstrapper=true}', contextCustomizers = set[org.springframework.boot.test.context.filter.ExcludeFilterContextCustomizer@5dafbe45, org.springframework.boot.test.json.DuplicateJsonObjectContextCustomizerFactory$DuplicateJsonObjectContextCustomizer@2f953efd, org.springframework.boot.test.mock.mockito.MockitoContextCustomizer@c99df87f, org.springframework.boot.test.web.client.TestRestTemplateContextCustomizer@4470fbd6, org.springframework.boot.test.autoconfigure.properties.PropertyMappingContextCustomizer@0, org.springframework.boot.test.autoconfigure.web.servlet.WebDriverContextCustomizerFactory$Customizer@383dc82c, org.springframework.test.context.web.socket.MockServerContainerContextCustomizer@7d7758be, org.springframework.boot.test.context.SpringBootTestArgs@1, org.springframework.boot.test.context.SpringBootTestWebEnvironment@32cf48b7], resourceBasePath = 'src/main/webapp', contextLoader = 'org.springframework.boot.test.context.SpringBootContextLoader', parent = [null]], attributes = map['org.springframework.test.context.web.ServletTestExecutionListener.activateListener' -> true]], class annotated with @DirtiesContext [false] with mode [null].
16:05:07.061 [main] DEBUG org.springframework.test.context.support.TestPropertySourceUtils - Adding inlined properties to environment: {spring.jmx.enabled=false, OPENVIDU_SESSIONS_GARBAGE_INTERVAL=1, OPENVIDU_SESSIONS_GARBAGE_THRESHOLD=1, org.springframework.boot.test.context.SpringBootTestContextBootstrapper=true}

______________________________________________
   ____               __      ___     _       
  / __ \              \ \    / (_)   | |      
 | |  | |_ __   ___ _ _\ \  / / _  __| |_   _
 | |  | | '_ \ / _ \ '_ \ \/ / | |/ _` | | | |
 | |__| | |_) |  __/ | | \  /  | | (_| | |_| |
  \____/| .__/ \___|_| |_|\/   |_|\__,_|\__,_|
        | |
        |_|             version 2.17.0
______________________________________________                                          

[INFO] 2021-04-06 16:05:07,774 [main] io.openvidu.server.test.integration.SessionGarbageCollectorIntegrationTest - Starting SessionGarbageCollectorIntegrationTest on SIS2W020 with PID 1772 (started by hayk.avetisyan in C:\Users\hayk.avetisyan\Documents\My\openvidu\openvidu-server)
[INFO] 2021-04-06 16:05:07,774 [main] io.openvidu.server.test.integration.SessionGarbageCollectorIntegrationTest - No active profile set, falling back to default profiles: default
[WARN] 2021-04-06 16:05:08,791 [main] io.openvidu.server.config.OpenviduConfig - DOTENV_PATH configuration property is not defined
[INFO] 2021-04-06 16:05:09,124 [main] io.openvidu.server.OpenViduServer - OpenVidu CDR service is disabled (may be enable with 'OPENVIDU_CDR=true')
[INFO] 2021-04-06 16:05:09,124 [main] io.openvidu.server.OpenViduServer - OpenVidu Webhook service is disabled (may be enabled with 'OPENVIDU_WEBHOOK=true')
[INFO] 2021-04-06 16:05:09,806 [main] io.openvidu.server.recording.service.RecordingManager - OpenVidu recording service is disabled
[INFO] 2021-04-06 16:05:09,854 [main] io.openvidu.server.core.SessionManager - Garbage collector for non active sessions initialized. Running every 1 seconds and cleaning up non active Sessions more than 1 seconds old
[INFO] 2021-04-06 16:05:09,918 [main] org.springframework.scheduling.concurrent.ThreadPoolTaskScheduler - Initializing ExecutorService 'jsonrpcTaskScheduler'
[INFO] 2021-04-06 16:05:10,348 [main] org.springframework.scheduling.concurrent.ThreadPoolTaskExecutor - Initializing ExecutorService 'applicationTaskExecutor'
[INFO] 2021-04-06 16:05:10,459 [main] org.springframework.boot.autoconfigure.web.servlet.WelcomePageHandlerMapping - Adding welcome page: class path resource [static/index.html]
[INFO] 2021-04-06 16:05:10,856 [Timer-0] io.openvidu.server.core.SessionManager - Running non active sessions garbage collector...
[INFO] 2021-04-06 16:05:11,158 [main] org.springframework.security.web.DefaultSecurityFilterChain - Creating filter chain: any request, [org.springframework.security.web.context.request.async.WebAsyncManagerIntegrationFilter@178dc733, org.springframework.security.web.context.SecurityContextPersistenceFilter@71e7c13f, org.springframework.security.web.header.HeaderWriterFilter@621392ea, org.springframework.web.filter.CorsFilter@4641f66c, org.springframework.security.web.authentication.logout.LogoutFilter@1fa18f87, org.springframework.security.web.authentication.www.BasicAuthenticationFilter@5c25daad, org.springframework.security.web.savedrequest.RequestCacheAwareFilter@53a09566, org.springframework.security.web.servletapi.SecurityContextHolderAwareRequestFilter@6f655dbd, org.springframework.security.web.authentication.AnonymousAuthenticationFilter@6b0ba697, org.springframework.security.web.session.SessionManagementFilter@5d3634c8, org.springframework.security.web.access.ExceptionTranslationFilter@397a10df, org.springframework.security.web.access.intercept.FilterSecurityInterceptor@5ec6a1b6]
[INFO] 2021-04-06 16:05:11,238 [main] io.openvidu.server.test.integration.SessionGarbageCollectorIntegrationTest - Started SessionGarbageCollectorIntegrationTest in 4.158 seconds (JVM running for 5.267)
[INFO] 2021-04-06 16:05:11,238 [main] io.openvidu.server.OpenViduServer - 

----------------------------------------------------

   OpenVidu is ready!
   ---------------------------

   * OpenVidu Server URL: https://localhost:4443/

   * OpenVidu Dashboard: https://localhost:4443/dashboard

----------------------------------------------------

[INFO] 2021-04-06 16:05:11,302 [main] io.openvidu.server.test.integration.SessionGarbageCollectorIntegrationTest - Sessions not active garbage collector
[INFO] 2021-04-06 16:05:11,302 [main] io.openvidu.server.rest.SessionRestController - REST API: POST /openvidu/api/sessions {}
[INFO] 2021-04-06 16:05:11,302 [main] io.openvidu.server.rest.SessionRestController - New session ses_F1AuyOcuTV initialized [ses_F1AuyOcuTV]
[INFO] 2021-04-06 16:05:11,334 [main] io.openvidu.server.rest.SessionRestController - REST API: GET /openvidu/api/sessions
[INFO] 2021-04-06 16:05:11,857 [Timer-0] io.openvidu.server.core.SessionManager - Running non active sessions garbage collector...
[INFO] 2021-04-06 16:05:12,872 [Timer-0] io.openvidu.server.core.SessionManager - Running non active sessions garbage collector...
[INFO] 2021-04-06 16:05:12,872 [Timer-0] io.openvidu.server.core.SessionManager - Non active session ses_F1AuyOcuTV cleaned up
[INFO] 2021-04-06 16:05:13,347 [main] io.openvidu.server.rest.SessionRestController - REST API: GET /openvidu/api/sessions
[INFO] 2021-04-06 16:05:13,347 [main] io.openvidu.server.rest.SessionRestController - REST API: POST /openvidu/api/sessions {}
[INFO] 2021-04-06 16:05:13,347 [main] io.openvidu.server.rest.SessionRestController - New session ses_JVUiu5lMZl initialized [ses_JVUiu5lMZl]
[INFO] 2021-04-06 16:05:13,347 [main] io.openvidu.server.rest.SessionRestController - REST API: POST /openvidu/api/sessions {}
[INFO] 2021-04-06 16:05:13,347 [main] io.openvidu.server.rest.SessionRestController - New session ses_Nq9rVfGRXm initialized [ses_JVUiu5lMZl, ses_Nq9rVfGRXm]
[INFO] 2021-04-06 16:05:13,347 [main] io.openvidu.server.rest.SessionRestController - REST API: POST /openvidu/api/sessions {}
[INFO] 2021-04-06 16:05:13,347 [main] io.openvidu.server.rest.SessionRestController - New session ses_SIpLqvmZe2 initialized [ses_SIpLqvmZe2, ses_JVUiu5lMZl, ses_Nq9rVfGRXm]
[INFO] 2021-04-06 16:05:13,347 [main] io.openvidu.server.rest.SessionRestController - REST API: GET /openvidu/api/sessions
[INFO] 2021-04-06 16:05:13,347 [main] io.openvidu.server.rest.SessionRestController - REST API: POST /openvidu/api/sessions/ses_SIpLqvmZe2/connection {}
[INFO] 2021-04-06 16:05:13,363 [main] io.openvidu.server.core.SessionManager - Participant con_RsKGQKehA1 of session ses_SIpLqvmZe2 is a final user connecting to this session for the first time
[INFO] 2021-04-06 16:05:13,363 [main] io.openvidu.server.kurento.core.KurentoSessionManager - KMS less loaded is ws://localhost:8888/kurento with a load of 1.0
[INFO] 2021-04-06 16:05:13,363 [main] io.openvidu.server.kurento.core.KurentoSessionManager - No session 'ses_SIpLqvmZe2' exists yet. Created one on KMS 'media_DrQ7LtrN' with ip 'localhost'
[INFO] 2021-04-06 16:05:13,379 [main] io.openvidu.server.kurento.core.KurentoSession - SESSION ses_SIpLqvmZe2: Creating MediaPipeline
[INFO] 2021-04-06 16:05:13,552 [main] io.openvidu.server.kurento.core.KurentoSession - SESSION ses_SIpLqvmZe2: Added participant [participantPrivateId=PARTICIPANT_PRIVATE_ID_12e400c7-1ba6-414f-a510-3af016a33c77, participantPublicId=con_RsKGQKehA1, streaming=false]
participant -> token -> connectionProperties: io.openvidu.java.client.ConnectionProperties@7ec5aad
participant -> token -> connectionProperties -> record: null
[WARN] 2021-04-06 16:05:13,552 [main] io.openvidu.server.rpc.RpcNotificationService - Invalid WebSocket session id PARTICIPANT_PRIVATE_ID_12e400c7-1ba6-414f-a510-3af016a33c77
[ERROR] 2021-04-06 16:05:13,552 [main] io.openvidu.server.rpc.RpcNotificationService - No transaction null found for paticipant with private id PARTICIPANT_PRIVATE_ID_12e400c7-1ba6-414f-a510-3af016a33c77, unable to send result {"id":"con_RsKGQKehA1","createdAt":1617710713363,"metadata":"CLIENT_METADATA%/%SERVER_METADATA","value":[],"session":"ses_SIpLqvmZe2","version":"2.17.0","record":null,"coturnIp":"localhost"}
[INFO] 2021-04-06 16:05:13,886 [Timer-0] io.openvidu.server.core.SessionManager - Running non active sessions garbage collector...
[INFO] 2021-04-06 16:05:14,900 [Timer-0] io.openvidu.server.core.SessionManager - Running non active sessions garbage collector...
[INFO] 2021-04-06 16:05:14,901 [Timer-0] io.openvidu.server.core.SessionManager - Non active session ses_Nq9rVfGRXm cleaned up
[INFO] 2021-04-06 16:05:14,901 [Timer-0] io.openvidu.server.core.SessionManager - Non active session ses_JVUiu5lMZl cleaned up
[INFO] 2021-04-06 16:05:15,567 [main] io.openvidu.server.rest.SessionRestController - REST API: GET /openvidu/api/sessions
]]></system-out>
    <system-err><![CDATA[java.io.IOException: Cannot run program "/bin/sh": CreateProcess error=2, The system cannot find the file specified
	at java.base/java.lang.ProcessBuilder.start(ProcessBuilder.java:1128)
	at java.base/java.lang.ProcessBuilder.start(ProcessBuilder.java:1071)
	at io.openvidu.server.utils.CommandExecutor.commonExecCommand(CommandExecutor.java:73)
	at io.openvidu.server.utils.CommandExecutor.execCommand(CommandExecutor.java:42)
	at io.openvidu.server.coturn.BashCoturnCredentialsService.initialize(BashCoturnCredentialsService.java:38)
	at java.base/jdk.internal.reflect.NativeMethodAccessorImpl.invoke0(Native Method)
	at java.base/jdk.internal.reflect.NativeMethodAccessorImpl.invoke(NativeMethodAccessorImpl.java:62)
	at java.base/jdk.internal.reflect.DelegatingMethodAccessorImpl.invoke(DelegatingMethodAccessorImpl.java:43)
	at java.base/java.lang.reflect.Method.invoke(Method.java:566)
	at org.springframework.beans.factory.annotation.InitDestroyAnnotationBeanPostProcessor$LifecycleElement.invoke(InitDestroyAnnotationBeanPostProcessor.java:389)
	at org.springframework.beans.factory.annotation.InitDestroyAnnotationBeanPostProcessor$LifecycleMetadata.invokeInitMethods(InitDestroyAnnotationBeanPostProcessor.java:333)
	at org.springframework.beans.factory.annotation.InitDestroyAnnotationBeanPostProcessor.postProcessBeforeInitialization(InitDestroyAnnotationBeanPostProcessor.java:157)
	at org.springframework.beans.factory.support.AbstractAutowireCapableBeanFactory.applyBeanPostProcessorsBeforeInitialization(AbstractAutowireCapableBeanFactory.java:415)
	at org.springframework.beans.factory.support.AbstractAutowireCapableBeanFactory.initializeBean(AbstractAutowireCapableBeanFactory.java:1786)
	at org.springframework.beans.factory.support.AbstractAutowireCapableBeanFactory.doCreateBean(AbstractAutowireCapableBeanFactory.java:594)
	at org.springframework.beans.factory.support.AbstractAutowireCapableBeanFactory.createBean(AbstractAutowireCapableBeanFactory.java:516)
	at org.springframework.beans.factory.support.AbstractBeanFactory.lambda$doGetBean$0(AbstractBeanFactory.java:324)
	at org.springframework.beans.factory.support.DefaultSingletonBeanRegistry.getSingleton(DefaultSingletonBeanRegistry.java:234)
	at org.springframework.beans.factory.support.AbstractBeanFactory.doGetBean(AbstractBeanFactory.java:322)
	at org.springframework.beans.factory.support.AbstractBeanFactory.getBean(AbstractBeanFactory.java:202)
	at org.springframework.beans.factory.config.DependencyDescriptor.resolveCandidate(DependencyDescriptor.java:276)
	at org.springframework.beans.factory.support.DefaultListableBeanFactory.doResolveDependency(DefaultListableBeanFactory.java:1307)
	at org.springframework.beans.factory.support.DefaultListableBeanFactory.resolveDependency(DefaultListableBeanFactory.java:1227)
	at org.springframework.beans.factory.annotation.AutowiredAnnotationBeanPostProcessor$AutowiredFieldElement.inject(AutowiredAnnotationBeanPostProcessor.java:640)
	at org.springframework.beans.factory.annotation.InjectionMetadata.inject(InjectionMetadata.java:130)
	at org.springframework.beans.factory.annotation.AutowiredAnnotationBeanPostProcessor.postProcessProperties(AutowiredAnnotationBeanPostProcessor.java:399)
	at org.springframework.beans.factory.support.AbstractAutowireCapableBeanFactory.populateBean(AbstractAutowireCapableBeanFactory.java:1420)
	at org.springframework.beans.factory.support.AbstractAutowireCapableBeanFactory.doCreateBean(AbstractAutowireCapableBeanFactory.java:593)
	at org.springframework.beans.factory.support.AbstractAutowireCapableBeanFactory.createBean(AbstractAutowireCapableBeanFactory.java:516)
	at org.springframework.beans.factory.support.AbstractBeanFactory.lambda$doGetBean$0(AbstractBeanFactory.java:324)
	at org.springframework.beans.factory.support.DefaultSingletonBeanRegistry.getSingleton(DefaultSingletonBeanRegistry.java:234)
	at org.springframework.beans.factory.support.AbstractBeanFactory.doGetBean(AbstractBeanFactory.java:322)
	at org.springframework.beans.factory.support.AbstractBeanFactory.getBean(AbstractBeanFactory.java:202)
	at org.springframework.beans.factory.config.DependencyDescriptor.resolveCandidate(DependencyDescriptor.java:276)
	at org.springframework.beans.factory.support.DefaultListableBeanFactory.doResolveDependency(DefaultListableBeanFactory.java:1307)
	at org.springframework.beans.factory.support.DefaultListableBeanFactory.resolveDependency(DefaultListableBeanFactory.java:1227)
	at org.springframework.beans.factory.annotation.AutowiredAnnotationBeanPostProcessor$AutowiredFieldElement.inject(AutowiredAnnotationBeanPostProcessor.java:640)
	at org.springframework.beans.factory.annotation.InjectionMetadata.inject(InjectionMetadata.java:130)
	at org.springframework.beans.factory.annotation.AutowiredAnnotationBeanPostProcessor.postProcessProperties(AutowiredAnnotationBeanPostProcessor.java:399)
	at org.springframework.beans.factory.support.AbstractAutowireCapableBeanFactory.populateBean(AbstractAutowireCapableBeanFactory.java:1420)
	at org.springframework.beans.factory.support.AbstractAutowireCapableBeanFactory.doCreateBean(AbstractAutowireCapableBeanFactory.java:593)
	at org.springframework.beans.factory.support.AbstractAutowireCapableBeanFactory.createBean(AbstractAutowireCapableBeanFactory.java:516)
	at org.springframework.beans.factory.support.AbstractBeanFactory.lambda$doGetBean$0(AbstractBeanFactory.java:324)
	at org.springframework.beans.factory.support.DefaultSingletonBeanRegistry.getSingleton(DefaultSingletonBeanRegistry.java:234)
	at org.springframework.beans.factory.support.AbstractBeanFactory.doGetBean(AbstractBeanFactory.java:322)
	at org.springframework.beans.factory.support.AbstractBeanFactory.getBean(AbstractBeanFactory.java:202)
	at org.springframework.beans.factory.support.DefaultListableBeanFactory.preInstantiateSingletons(DefaultListableBeanFactory.java:897)
	at org.springframework.context.support.AbstractApplicationContext.finishBeanFactoryInitialization(AbstractApplicationContext.java:879)
	at org.springframework.context.support.AbstractApplicationContext.refresh(AbstractApplicationContext.java:551)
	at org.springframework.boot.SpringApplication.refresh(SpringApplication.java:758)
	at org.springframework.boot.SpringApplication.refresh(SpringApplication.java:750)
	at org.springframework.boot.SpringApplication.refreshContext(SpringApplication.java:405)
	at org.springframework.boot.SpringApplication.run(SpringApplication.java:315)
	at org.springframework.boot.test.context.SpringBootContextLoader.loadContext(SpringBootContextLoader.java:120)
	at org.springframework.test.context.cache.DefaultCacheAwareContextLoaderDelegate.loadContextInternal(DefaultCacheAwareContextLoaderDelegate.java:99)
	at org.springframework.test.context.cache.DefaultCacheAwareContextLoaderDelegate.loadContext(DefaultCacheAwareContextLoaderDelegate.java:124)
	at org.springframework.test.context.support.DefaultTestContext.getApplicationContext(DefaultTestContext.java:123)
	at org.springframework.test.context.web.ServletTestExecutionListener.setUpRequestContextIfNecessary(ServletTestExecutionListener.java:190)
	at org.springframework.test.context.web.ServletTestExecutionListener.prepareTestInstance(ServletTestExecutionListener.java:132)
	at org.springframework.test.context.TestContextManager.prepareTestInstance(TestContextManager.java:244)
	at org.springframework.test.context.junit.jupiter.SpringExtension.postProcessTestInstance(SpringExtension.java:98)
	at org.junit.jupiter.engine.descriptor.ClassBasedTestDescriptor.lambda$invokeTestInstancePostProcessors$5(ClassBasedTestDescriptor.java:341)
	at org.junit.jupiter.engine.descriptor.ClassBasedTestDescriptor.executeAndMaskThrowable(ClassBasedTestDescriptor.java:346)
	at org.junit.jupiter.engine.descriptor.ClassBasedTestDescriptor.lambda$invokeTestInstancePostProcessors$6(ClassBasedTestDescriptor.java:341)
	at java.base/java.util.stream.ReferencePipeline$3$1.accept(ReferencePipeline.java:195)
	at java.base/java.util.stream.ReferencePipeline$2$1.accept(ReferencePipeline.java:177)
	at java.base/java.util.ArrayList$ArrayListSpliterator.forEachRemaining(ArrayList.java:1654)
	at java.base/java.util.stream.AbstractPipeline.copyInto(AbstractPipeline.java:484)
	at java.base/java.util.stream.AbstractPipeline.wrapAndCopyInto(AbstractPipeline.java:474)
	at java.base/java.util.stream.StreamSpliterators$WrappingSpliterator.forEachRemaining(StreamSpliterators.java:312)
	at java.base/java.util.stream.Streams$ConcatSpliterator.forEachRemaining(Streams.java:735)
	at java.base/java.util.stream.Streams$ConcatSpliterator.forEachRemaining(Streams.java:734)
	at java.base/java.util.stream.ReferencePipeline$Head.forEach(ReferencePipeline.java:658)
	at org.junit.jupiter.engine.descriptor.ClassBasedTestDescriptor.invokeTestInstancePostProcessors(ClassBasedTestDescriptor.java:340)
	at org.junit.jupiter.engine.descriptor.ClassBasedTestDescriptor.instantiateAndPostProcessTestInstance(ClassBasedTestDescriptor.java:263)
	at org.junit.jupiter.engine.descriptor.ClassBasedTestDescriptor.lambda$testInstancesProvider$2(ClassBasedTestDescriptor.java:256)
	at java.base/java.util.Optional.orElseGet(Optional.java:369)
	at org.junit.jupiter.engine.descriptor.ClassBasedTestDescriptor.lambda$testInstancesProvider$3(ClassBasedTestDescriptor.java:255)
	at org.junit.jupiter.engine.execution.TestInstancesProvider.getTestInstances(TestInstancesProvider.java:29)
	at org.junit.jupiter.engine.descriptor.TestMethodTestDescriptor.lambda$prepare$0(TestMethodTestDescriptor.java:108)
	at org.junit.platform.engine.support.hierarchical.ThrowableCollector.execute(ThrowableCollector.java:73)
	at org.junit.jupiter.engine.descriptor.TestMethodTestDescriptor.prepare(TestMethodTestDescriptor.java:107)
	at org.junit.jupiter.engine.descriptor.TestMethodTestDescriptor.prepare(TestMethodTestDescriptor.java:71)
	at org.junit.platform.engine.support.hierarchical.NodeTestTask.lambda$prepare$1(NodeTestTask.java:107)
	at org.junit.platform.engine.support.hierarchical.ThrowableCollector.execute(ThrowableCollector.java:73)
	at org.junit.platform.engine.support.hierarchical.NodeTestTask.prepare(NodeTestTask.java:107)
	at org.junit.platform.engine.support.hierarchical.NodeTestTask.execute(NodeTestTask.java:75)
	at java.base/java.util.ArrayList.forEach(ArrayList.java:1540)
	at org.junit.platform.engine.support.hierarchical.SameThreadHierarchicalTestExecutorService.invokeAll(SameThreadHierarchicalTestExecutorService.java:38)
	at org.junit.platform.engine.support.hierarchical.NodeTestTask.lambda$executeRecursively$5(NodeTestTask.java:139)
	at org.junit.platform.engine.support.hierarchical.ThrowableCollector.execute(ThrowableCollector.java:73)
	at org.junit.platform.engine.support.hierarchical.NodeTestTask.lambda$executeRecursively$7(NodeTestTask.java:125)
	at org.junit.platform.engine.support.hierarchical.Node.around(Node.java:135)
	at org.junit.platform.engine.support.hierarchical.NodeTestTask.lambda$executeRecursively$8(NodeTestTask.java:123)
	at org.junit.platform.engine.support.hierarchical.ThrowableCollector.execute(ThrowableCollector.java:73)
	at org.junit.platform.engine.support.hierarchical.NodeTestTask.executeRecursively(NodeTestTask.java:122)
	at org.junit.platform.engine.support.hierarchical.NodeTestTask.execute(NodeTestTask.java:80)
	at java.base/java.util.ArrayList.forEach(ArrayList.java:1540)
	at org.junit.platform.engine.support.hierarchical.SameThreadHierarchicalTestExecutorService.invokeAll(SameThreadHierarchicalTestExecutorService.java:38)
	at org.junit.platform.engine.support.hierarchical.NodeTestTask.lambda$executeRecursively$5(NodeTestTask.java:139)
	at org.junit.platform.engine.support.hierarchical.ThrowableCollector.execute(ThrowableCollector.java:73)
	at org.junit.platform.engine.support.hierarchical.NodeTestTask.lambda$executeRecursively$7(NodeTestTask.java:125)
	at org.junit.platform.engine.support.hierarchical.Node.around(Node.java:135)
	at org.junit.platform.engine.support.hierarchical.NodeTestTask.lambda$executeRecursively$8(NodeTestTask.java:123)
	at org.junit.platform.engine.support.hierarchical.ThrowableCollector.execute(ThrowableCollector.java:73)
	at org.junit.platform.engine.support.hierarchical.NodeTestTask.executeRecursively(NodeTestTask.java:122)
	at org.junit.platform.engine.support.hierarchical.NodeTestTask.execute(NodeTestTask.java:80)
	at org.junit.platform.engine.support.hierarchical.SameThreadHierarchicalTestExecutorService.submit(SameThreadHierarchicalTestExecutorService.java:32)
	at org.junit.platform.engine.support.hierarchical.HierarchicalTestExecutor.execute(HierarchicalTestExecutor.java:57)
	at org.junit.platform.engine.support.hierarchical.HierarchicalTestEngine.execute(HierarchicalTestEngine.java:51)
	at org.junit.platform.launcher.core.DefaultLauncher.execute(DefaultLauncher.java:248)
	at org.junit.platform.launcher.core.DefaultLauncher.lambda$execute$5(DefaultLauncher.java:211)
	at org.junit.platform.launcher.core.DefaultLauncher.withInterceptedStreams(DefaultLauncher.java:226)
	at org.junit.platform.launcher.core.DefaultLauncher.execute(DefaultLauncher.java:199)
	at org.junit.platform.launcher.core.DefaultLauncher.execute(DefaultLauncher.java:132)
	at org.apache.maven.surefire.junitplatform.JUnitPlatformProvider.execute(JUnitPlatformProvider.java:188)
	at org.apache.maven.surefire.junitplatform.JUnitPlatformProvider.invokeAllTests(JUnitPlatformProvider.java:154)
	at org.apache.maven.surefire.junitplatform.JUnitPlatformProvider.invoke(JUnitPlatformProvider.java:128)
	at org.apache.maven.surefire.booter.ForkedBooter.runSuitesInProcess(ForkedBooter.java:428)
	at org.apache.maven.surefire.booter.ForkedBooter.execute(ForkedBooter.java:162)
	at org.apache.maven.surefire.booter.ForkedBooter.run(ForkedBooter.java:562)
	at org.apache.maven.surefire.booter.ForkedBooter.main(ForkedBooter.java:548)
Caused by: java.io.IOException: CreateProcess error=2, The system cannot find the file specified
	at java.base/java.lang.ProcessImpl.create(Native Method)
	at java.base/java.lang.ProcessImpl.<init>(ProcessImpl.java:478)
	at java.base/java.lang.ProcessImpl.start(ProcessImpl.java:154)
	at java.base/java.lang.ProcessBuilder.start(ProcessBuilder.java:1107)
	... 121 more
]]></system-err>
  </testcase>
</testsuite>